{"level":"\u001b[32minfo\u001b[39m","message":"\u001b[32mInitializing performance monitoring\u001b[39m","timestamp":"2025-09-25 16:43:56:4356"}
{"duration":"43ms","error":"getaddrinfo ENOTFOUND db.mhkyjlnhazzdckvhbjah.supabase.co","level":"\u001b[31merror\u001b[39m","message":"\u001b[31mDatabase Query Error\u001b[39m","operation":"SELECT","query":"SELECT 1...","timestamp":"2025-09-25 16:43:56:4356"}
{"error":"getaddrinfo ENOTFOUND db.mhkyjlnhazzdckvhbjah.supabase.co","level":"\u001b[31merror\u001b[39m","message":"\u001b[31mFailed to initialize monitoring\u001b[39m","timestamp":"2025-09-25 16:43:56:4356"}
{"error":"setupSSL is not a function","level":"\u001b[33mwarn\u001b[39m","message":"\u001b[33mSSL Setup Failed\u001b[39m","timestamp":"2025-09-25 16:43:56:4356"}
{"alerts":true,"environment":"development","level":"\u001b[32minfo\u001b[39m","message":"\u001b[32mServer Started\u001b[39m","monitoring":true,"port":"5001","ssl":true,"timestamp":"2025-09-25 16:43:56:4356"}
{"error":"The security token included in the request is invalid.","level":"\u001b[31merror\u001b[39m","message":"\u001b[31mFailed to send alert\u001b[39m","severity":"LOW","timestamp":"2025-09-25 16:43:57:4357","title":"Application Started","type":"SYSTEM"}
{"external":3,"heapTotal":37,"heapUsed":26,"level":"\u001b[37mdebug\u001b[39m","message":"\u001b[37mMemory usage\u001b[39m","rss":77,"timestamp":"2025-09-25 16:44:26:4426"}
{"level":"\u001b[32minfo\u001b[39m","message":"\u001b[32mInitializing performance monitoring\u001b[39m","timestamp":"2025-09-26 04:04:36:436"}
{"duration":"30ms","error":"getaddrinfo ENOTFOUND db.mhkyjlnhazzdckvhbjah.supabase.co","level":"\u001b[31merror\u001b[39m","message":"\u001b[31mDatabase Query Error\u001b[39m","operation":"SELECT","query":"SELECT 1...","timestamp":"2025-09-26 04:04:36:436"}
{"error":"getaddrinfo ENOTFOUND db.mhkyjlnhazzdckvhbjah.supabase.co","level":"\u001b[31merror\u001b[39m","message":"\u001b[31mFailed to initialize monitoring\u001b[39m","timestamp":"2025-09-26 04:04:36:436"}
{"error":"setupSSL is not a function","level":"\u001b[33mwarn\u001b[39m","message":"\u001b[33mSSL Setup Failed\u001b[39m","timestamp":"2025-09-26 04:04:36:436"}
{"alerts":true,"environment":"development","level":"\u001b[32minfo\u001b[39m","message":"\u001b[32mServer Started\u001b[39m","monitoring":true,"port":"5001","ssl":true,"timestamp":"2025-09-26 04:04:36:436"}
{"error":"The security token included in the request is invalid.","level":"\u001b[31merror\u001b[39m","message":"\u001b[31mFailed to send alert\u001b[39m","severity":"LOW","timestamp":"2025-09-26 04:04:36:436","title":"Application Started","type":"SYSTEM"}
{"external":3,"heapTotal":55,"heapUsed":23,"level":"\u001b[37mdebug\u001b[39m","message":"\u001b[37mMemory usage\u001b[39m","rss":45,"timestamp":"2025-09-26 04:05:06:56"}
{"level":"\u001b[32minfo\u001b[39m","message":"\u001b[32mInitializing performance monitoring\u001b[39m","timestamp":"2025-09-26 04:06:52:652"}
{"duration":"29ms","error":"getaddrinfo ENOTFOUND db.mhkyjlnhazzdckvhbjah.supabase.co","level":"\u001b[31merror\u001b[39m","message":"\u001b[31mDatabase Query Error\u001b[39m","operation":"SELECT","query":"SELECT 1...","timestamp":"2025-09-26 04:06:52:652"}
{"error":"getaddrinfo ENOTFOUND db.mhkyjlnhazzdckvhbjah.supabase.co","level":"\u001b[31merror\u001b[39m","message":"\u001b[31mFailed to initialize monitoring\u001b[39m","timestamp":"2025-09-26 04:06:52:652"}
{"error":"setupSSL is not a function","level":"\u001b[33mwarn\u001b[39m","message":"\u001b[33mSSL Setup Failed\u001b[39m","timestamp":"2025-09-26 04:06:52:652"}
{"alerts":true,"environment":"development","level":"\u001b[32minfo\u001b[39m","message":"\u001b[32mServer Started\u001b[39m","monitoring":true,"port":"5001","ssl":true,"timestamp":"2025-09-26 04:06:52:652"}
{"error":"The security token included in the request is invalid.","level":"\u001b[31merror\u001b[39m","message":"\u001b[31mFailed to send alert\u001b[39m","severity":"LOW","timestamp":"2025-09-26 04:06:53:653","title":"Application Started","type":"SYSTEM"}
{"duration":"1ms","error":"getaddrinfo ENOTFOUND db.mhkyjlnhazzdckvhbjah.supabase.co","level":"\u001b[31merror\u001b[39m","message":"\u001b[31mDatabase Query Error\u001b[39m","operation":"SELECT","query":"SELECT 1...","timestamp":"2025-09-26 04:07:14:714"}
{"duration":"2ms","error":"getaddrinfo ENOTFOUND db.mhkyjlnhazzdckvhbjah.supabase.co","level":"\u001b[31merror\u001b[39m","message":"\u001b[31mHealth Check Failed\u001b[39m","timestamp":"2025-09-26 04:07:14:714"}
{"duration":"2ms","ip":"::1","level":"\u001b[33mwarn\u001b[39m","message":"\u001b[33mAPI Error Response\u001b[39m","method":"GET","statusCode":503,"timestamp":"2025-09-26 04:07:14:714","url":"/api/health","userId":null}
{"duration":"2ms","ip":"::1","level":"\u001b[33mwarn\u001b[39m","message":"\u001b[33mAPI Error Response\u001b[39m","method":"GET","statusCode":503,"timestamp":"2025-09-26 04:07:14:714","url":"/api/health","userId":null}
{"duration":"3ms","ip":"::1","level":"\u001b[32minfo\u001b[39m","message":"\u001b[32mHTTP Request\u001b[39m","method":"GET","statusCode":503,"timestamp":"2025-09-26 04:07:14:714","url":"/api/health","userAgent":"curl/8.7.1","userId":null}
{"external":3,"heapTotal":55,"heapUsed":24,"level":"\u001b[37mdebug\u001b[39m","message":"\u001b[37mMemory usage\u001b[39m","rss":79,"timestamp":"2025-09-26 04:07:22:722"}
